[INFO ] 2023-03-17 14:53:51.803 [main] Log - chrome browser selected
[INFO ] 2023-03-17 14:53:52.129 [main] Log - Opened chrome browser
[INFO ] 2023-03-17 14:53:52.265 [main] Log - Window is maximized
[INFO ] 2023-03-17 14:53:59.861 [main] Log - Opened URL is  https://pulse-stage.projectai.com/login
[INFO ] 2023-03-17 14:53:59.893 [main] Log - LoginPage Test is starting. 
[INFO ] 2023-03-17 14:53:59.974 [main] Log - Text in the element is [[ChromeDriver: chrome on WINDOWS (f5598f9f16fad1cfb0430c1049caed21)] -> xpath: //input[@name='username']]is cleared
[INFO ] 2023-03-17 14:54:00.046 [main] Log - Cliked on textbox [[ChromeDriver: chrome on WINDOWS (f5598f9f16fad1cfb0430c1049caed21)] -> xpath: //input[@name='username']]
[INFO ] 2023-03-17 14:54:00.157 [main] Log - Entered text on [[ChromeDriver: chrome on WINDOWS (f5598f9f16fad1cfb0430c1049caed21)] -> xpath: //input[@name='username']] text
[INFO ] 2023-03-17 14:54:00.208 [main] Log - Text in the element is [[ChromeDriver: chrome on WINDOWS (f5598f9f16fad1cfb0430c1049caed21)] -> xpath: //input[@name='password']]is cleared
[INFO ] 2023-03-17 14:54:00.268 [main] Log - Cliked on textbox [[ChromeDriver: chrome on WINDOWS (f5598f9f16fad1cfb0430c1049caed21)] -> xpath: //input[@name='password']]
[INFO ] 2023-03-17 14:54:00.332 [main] Log - Entered text on [[ChromeDriver: chrome on WINDOWS (f5598f9f16fad1cfb0430c1049caed21)] -> xpath: //input[@name='password']] text
[INFO ] 2023-03-17 14:54:00.378 [main] Log - wait for until element [[ChromeDriver: chrome on WINDOWS (f5598f9f16fad1cfb0430c1049caed21)] -> xpath: //button[normalize-space()='Sign In']]is visible
[INFO ] 2023-03-17 14:54:00.438 [main] Log - Clicked on element [[ChromeDriver: chrome on WINDOWS (f5598f9f16fad1cfb0430c1049caed21)] -> xpath: //button[normalize-space()='Sign In']]
[INFO ] 2023-03-17 14:54:08.480 [main] Log - LoginPageTest is passed
[INFO ] 2023-03-17 14:54:08.481 [main] Log - LoginPage com.blazeclan.qa.test.testng.LoginTest 5c813e23-296c-4dd0-9ec1-6818064b3ded []
[INFO ] 2023-03-17 14:54:08.691 [main] Log - AboutMe Test is starting. 
[INFO ] 2023-03-17 14:54:13.745 [main] Log - wait for until element [[ChromeDriver: chrome on WINDOWS (f5598f9f16fad1cfb0430c1049caed21)] -> xpath: //span[contains(text(),'My Projects')]]is visible
[INFO ] 2023-03-17 14:54:13.815 [main] Log - Clicked on element [[ChromeDriver: chrome on WINDOWS (f5598f9f16fad1cfb0430c1049caed21)] -> xpath: //span[contains(text(),'My Projects')]]
[INFO ] 2023-03-17 14:54:14.389 [main] Log - wait for until element [[ChromeDriver: chrome on WINDOWS (f5598f9f16fad1cfb0430c1049caed21)] -> xpath: //li[@class='pro-menu-item']/div/span[@class='pro-item-content']]is visible
[INFO ] 2023-03-17 14:54:14.455 [main] Log - Clicked on element [[ChromeDriver: chrome on WINDOWS (f5598f9f16fad1cfb0430c1049caed21)] -> xpath: //li[@class='pro-menu-item']/div/span[@class='pro-item-content']]
[INFO ] 2023-03-17 14:54:19.660 [main] Log - wait for until element [[ChromeDriver: chrome on WINDOWS (f5598f9f16fad1cfb0430c1049caed21)] -> xpath: //span[@class='MuiIconButton-label']]is visible
[INFO ] 2023-03-17 14:54:19.730 [main] Log - Clicked on element [[ChromeDriver: chrome on WINDOWS (f5598f9f16fad1cfb0430c1049caed21)] -> xpath: //span[@class='MuiIconButton-label']]
[INFO ] 2023-03-17 14:54:19.795 [main] Log - wait for until element [[ChromeDriver: chrome on WINDOWS (f5598f9f16fad1cfb0430c1049caed21)] -> xpath: //span[contains(text(),'About Me')]]is visible
[INFO ] 2023-03-17 14:54:20.015 [main] Log - Clicked on element [[ChromeDriver: chrome on WINDOWS (f5598f9f16fad1cfb0430c1049caed21)] -> xpath: //span[contains(text(),'About Me')]]
[INFO ] 2023-03-17 14:54:23.445 [main] Log - AboutMeTest is passed
[INFO ] 2023-03-17 14:54:23.446 [main] Log - AboutMe com.blazeclan.qa.test.testng.AboutMeTest 5584f6df-813f-476a-9efc-ae6f6458e0bb []
[INFO ] 2023-03-17 14:54:23.596 [main] Log - Logout Test is starting. 
[INFO ] 2023-03-17 14:54:23.654 [main] Log - wait for until element [[ChromeDriver: chrome on WINDOWS (f5598f9f16fad1cfb0430c1049caed21)] -> xpath: //div[@class='ij_XRAOXFVqUYY8480uZC']]is visible
[INFO ] 2023-03-17 14:54:23.705 [main] Log - Clicked on element [[ChromeDriver: chrome on WINDOWS (f5598f9f16fad1cfb0430c1049caed21)] -> xpath: //div[@class='ij_XRAOXFVqUYY8480uZC']]
[INFO ] 2023-03-17 14:54:26.760 [main] Log - wait for until element [[ChromeDriver: chrome on WINDOWS (f5598f9f16fad1cfb0430c1049caed21)] -> xpath: //a[normalize-space()='Log Out']]is visible
[INFO ] 2023-03-17 14:54:29.659 [main] Log - Clicked on element Proxy element for: DefaultElementLocator 'By.xpath: //a[normalize-space()='Log Out']'
[INFO ] 2023-03-17 14:54:29.662 [main] Log - LogoutTest is passed
[INFO ] 2023-03-17 14:54:29.663 [main] Log - Logout com.blazeclan.qa.test.testng.LogoutTest 4a1b2042-f751-4a09-b38b-e09e78aa42d7 []
[INFO ] 2023-03-17 14:54:31.843 [main] Log - I am on finish method testng
[INFO ] 2023-03-17 15:31:40.798 [main] Log - chrome browser selected
[INFO ] 2023-03-17 15:31:41.152 [main] Log - LoginPage Test is starting. 
[ERROR] 2023-03-17 15:31:41.158 [main] Log - LoginPageTest is failed
[INFO ] 2023-03-17 15:31:41.244 [main] Log - I am on finish method testng
[INFO ] 2023-03-17 15:42:21.859 [main] Log - chrome browser selected
[INFO ] 2023-03-17 15:42:22.385 [main] Log - Opened firefox browser
[INFO ] 2023-03-17 15:42:22.409 [main] Log - Window is maximized
[INFO ] 2023-03-17 15:42:29.969 [main] Log - Opened URL is  https://pulse-stage.projectai.com/login
[INFO ] 2023-03-17 15:42:29.995 [main] Log - LoginPage Test is starting. 
[INFO ] 2023-03-17 15:42:30.082 [main] Log - Text in the element is [[FirefoxDriver: firefox on WINDOWS (908880ee-ce94-477e-898f-901c1da4126f)] -> xpath: //input[@name='username']]is cleared
[INFO ] 2023-03-17 15:42:30.340 [main] Log - Cliked on textbox [[FirefoxDriver: firefox on WINDOWS (908880ee-ce94-477e-898f-901c1da4126f)] -> xpath: //input[@name='username']]
[INFO ] 2023-03-17 15:42:30.453 [main] Log - Entered text on [[FirefoxDriver: firefox on WINDOWS (908880ee-ce94-477e-898f-901c1da4126f)] -> xpath: //input[@name='username']] text
[INFO ] 2023-03-17 15:42:30.474 [main] Log - Text in the element is [[FirefoxDriver: firefox on WINDOWS (908880ee-ce94-477e-898f-901c1da4126f)] -> xpath: //input[@name='password']]is cleared
[INFO ] 2023-03-17 15:42:30.713 [main] Log - Cliked on textbox [[FirefoxDriver: firefox on WINDOWS (908880ee-ce94-477e-898f-901c1da4126f)] -> xpath: //input[@name='password']]
[INFO ] 2023-03-17 15:42:30.760 [main] Log - Entered text on [[FirefoxDriver: firefox on WINDOWS (908880ee-ce94-477e-898f-901c1da4126f)] -> xpath: //input[@name='password']] text
[INFO ] 2023-03-17 15:42:30.820 [main] Log - wait for until element [[FirefoxDriver: firefox on WINDOWS (908880ee-ce94-477e-898f-901c1da4126f)] -> xpath: //button[normalize-space()='Sign In']]is visible
[INFO ] 2023-03-17 15:42:31.053 [main] Log - Clicked on element [[FirefoxDriver: firefox on WINDOWS (908880ee-ce94-477e-898f-901c1da4126f)] -> xpath: //button[normalize-space()='Sign In']]
[INFO ] 2023-03-17 15:42:39.092 [main] Log - LoginPageTest is passed
[INFO ] 2023-03-17 15:42:39.093 [main] Log - LoginPage com.blazeclan.qa.test.testng.LoginTest 046cb232-b9ee-4b01-8dd3-eda4e09c3ed1 []
[INFO ] 2023-03-17 15:42:39.218 [main] Log - AboutMe Test is starting. 
[INFO ] 2023-03-17 15:42:44.265 [main] Log - wait for until element [[FirefoxDriver: firefox on WINDOWS (908880ee-ce94-477e-898f-901c1da4126f)] -> xpath: //span[contains(text(),'My Projects')]]is visible
[INFO ] 2023-03-17 15:42:44.502 [main] Log - Clicked on element [[FirefoxDriver: firefox on WINDOWS (908880ee-ce94-477e-898f-901c1da4126f)] -> xpath: //span[contains(text(),'My Projects')]]
[INFO ] 2023-03-17 15:42:44.527 [main] Log - wait for until element [[FirefoxDriver: firefox on WINDOWS (908880ee-ce94-477e-898f-901c1da4126f)] -> xpath: //li[@class='pro-menu-item']/div/span[@class='pro-item-content']]is visible
[INFO ] 2023-03-17 15:42:44.781 [main] Log - Clicked on element [[FirefoxDriver: firefox on WINDOWS (908880ee-ce94-477e-898f-901c1da4126f)] -> xpath: //li[@class='pro-menu-item']/div/span[@class='pro-item-content']]
[INFO ] 2023-03-17 15:42:46.594 [main] Log - wait for until element [[FirefoxDriver: firefox on WINDOWS (908880ee-ce94-477e-898f-901c1da4126f)] -> xpath: //span[@class='MuiIconButton-label']]is visible
[INFO ] 2023-03-17 15:42:47.898 [main] Log - Clicked on element Proxy element for: DefaultElementLocator 'By.xpath: //span[@class='MuiIconButton-label']'
[INFO ] 2023-03-17 15:42:47.930 [main] Log - wait for until element [[FirefoxDriver: firefox on WINDOWS (908880ee-ce94-477e-898f-901c1da4126f)] -> xpath: //span[contains(text(),'About Me')]]is visible
[INFO ] 2023-03-17 15:42:48.368 [main] Log - Clicked on element [[FirefoxDriver: firefox on WINDOWS (908880ee-ce94-477e-898f-901c1da4126f)] -> xpath: //span[contains(text(),'About Me')]]
[ERROR] 2023-03-17 15:42:51.410 [main] Log - AboutMeTest is failed
[INFO ] 2023-03-17 15:42:51.508 [main] Log - Logout Test is starting. 
[INFO ] 2023-03-17 15:42:51.542 [main] Log - wait for until element [[FirefoxDriver: firefox on WINDOWS (908880ee-ce94-477e-898f-901c1da4126f)] -> xpath: //div[@class='ij_XRAOXFVqUYY8480uZC']]is visible
[INFO ] 2023-03-17 15:42:51.774 [main] Log - Clicked on element [[FirefoxDriver: firefox on WINDOWS (908880ee-ce94-477e-898f-901c1da4126f)] -> xpath: //div[@class='ij_XRAOXFVqUYY8480uZC']]
[INFO ] 2023-03-17 15:42:54.821 [main] Log - wait for until element [[FirefoxDriver: firefox on WINDOWS (908880ee-ce94-477e-898f-901c1da4126f)] -> xpath: //a[normalize-space()='Log Out']]is visible
[INFO ] 2023-03-17 15:42:57.002 [main] Log - Clicked on element Proxy element for: DefaultElementLocator 'By.xpath: //a[normalize-space()='Log Out']'
[INFO ] 2023-03-17 15:42:57.005 [main] Log - LogoutTest is passed
[INFO ] 2023-03-17 15:42:57.006 [main] Log - Logout com.blazeclan.qa.test.testng.LogoutTest f81ab042-7ecd-40f9-92c0-7e996e661384 []
[INFO ] 2023-03-17 15:42:58.680 [main] Log - I am on finish method testng
[INFO ] 2023-03-17 16:28:35.142 [main] Log - chrome browser selected
[INFO ] 2023-03-17 16:28:35.673 [main] Log - Opened chrome browser
[INFO ] 2023-03-17 16:28:35.702 [main] Log - Window is maximized
[INFO ] 2023-03-17 16:28:44.292 [main] Log - Opened URL is  https://pulse-stage.projectai.com/login
[INFO ] 2023-03-17 16:28:44.346 [main] Log - LoginPage Test is starting. 
[INFO ] 2023-03-17 16:28:44.500 [main] Log - Text in the element is [[ChromeDriver: chrome on WINDOWS (a33f7a3635c83d634cd177ea214960e3)] -> xpath: //input[@name='username']]is cleared
[INFO ] 2023-03-17 16:28:44.604 [main] Log - Cliked on textbox [[ChromeDriver: chrome on WINDOWS (a33f7a3635c83d634cd177ea214960e3)] -> xpath: //input[@name='username']]
[INFO ] 2023-03-17 16:28:44.765 [main] Log - Entered text on [[ChromeDriver: chrome on WINDOWS (a33f7a3635c83d634cd177ea214960e3)] -> xpath: //input[@name='username']] text
[INFO ] 2023-03-17 16:28:44.846 [main] Log - Text in the element is [[ChromeDriver: chrome on WINDOWS (a33f7a3635c83d634cd177ea214960e3)] -> xpath: //input[@name='password']]is cleared
[INFO ] 2023-03-17 16:28:44.931 [main] Log - Cliked on textbox [[ChromeDriver: chrome on WINDOWS (a33f7a3635c83d634cd177ea214960e3)] -> xpath: //input[@name='password']]
[INFO ] 2023-03-17 16:28:45.039 [main] Log - Entered text on [[ChromeDriver: chrome on WINDOWS (a33f7a3635c83d634cd177ea214960e3)] -> xpath: //input[@name='password']] text
[INFO ] 2023-03-17 16:28:45.124 [main] Log - wait for until element [[ChromeDriver: chrome on WINDOWS (a33f7a3635c83d634cd177ea214960e3)] -> xpath: //button[normalize-space()='Sign In']]is visible
[INFO ] 2023-03-17 16:28:45.229 [main] Log - Clicked on element [[ChromeDriver: chrome on WINDOWS (a33f7a3635c83d634cd177ea214960e3)] -> xpath: //button[normalize-space()='Sign In']]
[INFO ] 2023-03-17 16:28:53.277 [main] Log - LoginPageTest is passed
[INFO ] 2023-03-17 16:28:53.277 [main] Log - LoginPage com.blazeclan.qa.test.testng.LoginTest dd5fae5e-96b8-4561-bff7-b3156d6dc22a []
[INFO ] 2023-03-17 16:28:53.534 [main] Log - AboutMe Test is starting. 
[INFO ] 2023-03-17 16:28:58.613 [main] Log - wait for until element [[ChromeDriver: chrome on WINDOWS (a33f7a3635c83d634cd177ea214960e3)] -> xpath: //span[contains(text(),'My Projects')]]is visible
[INFO ] 2023-03-17 16:28:58.715 [main] Log - Clicked on element [[ChromeDriver: chrome on WINDOWS (a33f7a3635c83d634cd177ea214960e3)] -> xpath: //span[contains(text(),'My Projects')]]
[INFO ] 2023-03-17 16:28:58.798 [main] Log - wait for until element [[ChromeDriver: chrome on WINDOWS (a33f7a3635c83d634cd177ea214960e3)] -> xpath: //li[@class='pro-menu-item']/div/span[@class='pro-item-content']]is visible
[INFO ] 2023-03-17 16:28:58.912 [main] Log - Clicked on element [[ChromeDriver: chrome on WINDOWS (a33f7a3635c83d634cd177ea214960e3)] -> xpath: //li[@class='pro-menu-item']/div/span[@class='pro-item-content']]
[INFO ] 2023-03-17 16:29:06.740 [main] Log - wait for until element [[ChromeDriver: chrome on WINDOWS (a33f7a3635c83d634cd177ea214960e3)] -> xpath: //span[@class='MuiIconButton-label']]is visible
[INFO ] 2023-03-17 16:29:06.853 [main] Log - Clicked on element [[ChromeDriver: chrome on WINDOWS (a33f7a3635c83d634cd177ea214960e3)] -> xpath: //span[@class='MuiIconButton-label']]
[INFO ] 2023-03-17 16:29:07.062 [main] Log - wait for until element [[ChromeDriver: chrome on WINDOWS (a33f7a3635c83d634cd177ea214960e3)] -> xpath: //span[contains(text(),'About Me')]]is visible
[INFO ] 2023-03-17 16:29:07.554 [main] Log - Clicked on element [[ChromeDriver: chrome on WINDOWS (a33f7a3635c83d634cd177ea214960e3)] -> xpath: //span[contains(text(),'About Me')]]
[INFO ] 2023-03-17 16:29:11.018 [main] Log - AboutMeTest is passed
[INFO ] 2023-03-17 16:29:11.019 [main] Log - AboutMe com.blazeclan.qa.test.testng.AboutMeTest 4ac67c7a-6b37-4701-86a1-37e259eac8b2 []
[INFO ] 2023-03-17 16:29:11.224 [main] Log - Logout Test is starting. 
[INFO ] 2023-03-17 16:29:11.298 [main] Log - wait for until element [[ChromeDriver: chrome on WINDOWS (a33f7a3635c83d634cd177ea214960e3)] -> xpath: //div[@class='ij_XRAOXFVqUYY8480uZC']]is visible
[INFO ] 2023-03-17 16:29:11.381 [main] Log - Clicked on element [[ChromeDriver: chrome on WINDOWS (a33f7a3635c83d634cd177ea214960e3)] -> xpath: //div[@class='ij_XRAOXFVqUYY8480uZC']]
[INFO ] 2023-03-17 16:29:14.444 [main] Log - wait for until element [[ChromeDriver: chrome on WINDOWS (a33f7a3635c83d634cd177ea214960e3)] -> xpath: //a[normalize-space()='Log Out']]is visible
[INFO ] 2023-03-17 16:29:16.780 [main] Log - Clicked on element Proxy element for: DefaultElementLocator 'By.xpath: //a[normalize-space()='Log Out']'
[INFO ] 2023-03-17 16:29:16.782 [main] Log - LogoutTest is passed
[INFO ] 2023-03-17 16:29:16.784 [main] Log - Logout com.blazeclan.qa.test.testng.LogoutTest da20e39a-80c5-4246-899a-4c2fa3087770 []
[INFO ] 2023-03-17 16:29:18.397 [main] Log - I am on finish method testng
[INFO ] 2023-03-17 17:23:34.695 [main] Log - chrome browser selected
[INFO ] 2023-03-17 17:23:35.329 [main] Log - Opened Firefox browser
[INFO ] 2023-03-17 17:23:35.401 [main] Log - Window is maximized
[INFO ] 2023-03-17 17:23:40.585 [main] Log - Opened URL is  https://pulse-stage.projectai.com/login
[INFO ] 2023-03-17 17:23:40.649 [main] Log - LoginPage Test is starting. 
[INFO ] 2023-03-17 17:23:41.003 [main] Log - Text in the element is [[FirefoxDriver: firefox on WINDOWS (b6a4605a-e4ac-487c-9aa6-ddb13d706494)] -> xpath: //input[@name='username']]is cleared
[INFO ] 2023-03-17 17:23:41.294 [main] Log - Cliked on textbox [[FirefoxDriver: firefox on WINDOWS (b6a4605a-e4ac-487c-9aa6-ddb13d706494)] -> xpath: //input[@name='username']]
[INFO ] 2023-03-17 17:23:41.477 [main] Log - Entered text on [[FirefoxDriver: firefox on WINDOWS (b6a4605a-e4ac-487c-9aa6-ddb13d706494)] -> xpath: //input[@name='username']] text
[INFO ] 2023-03-17 17:23:41.506 [main] Log - Text in the element is [[FirefoxDriver: firefox on WINDOWS (b6a4605a-e4ac-487c-9aa6-ddb13d706494)] -> xpath: //input[@name='password']]is cleared
[INFO ] 2023-03-17 17:23:41.758 [main] Log - Cliked on textbox [[FirefoxDriver: firefox on WINDOWS (b6a4605a-e4ac-487c-9aa6-ddb13d706494)] -> xpath: //input[@name='password']]
[INFO ] 2023-03-17 17:23:41.838 [main] Log - Entered text on [[FirefoxDriver: firefox on WINDOWS (b6a4605a-e4ac-487c-9aa6-ddb13d706494)] -> xpath: //input[@name='password']] text
[INFO ] 2023-03-17 17:23:41.922 [main] Log - wait for until element [[FirefoxDriver: firefox on WINDOWS (b6a4605a-e4ac-487c-9aa6-ddb13d706494)] -> xpath: //button[normalize-space()='Sign In']]is visible
[INFO ] 2023-03-17 17:23:42.167 [main] Log - Clicked on element [[FirefoxDriver: firefox on WINDOWS (b6a4605a-e4ac-487c-9aa6-ddb13d706494)] -> xpath: //button[normalize-space()='Sign In']]
[INFO ] 2023-03-17 17:23:50.188 [main] Log - LoginPageTest is passed
[INFO ] 2023-03-17 17:23:50.189 [main] Log - LoginPage com.blazeclan.qa.test.testng.LoginTest 589b01d2-d92b-409e-8802-1ccd22aa8763 []
[INFO ] 2023-03-17 17:23:50.415 [main] Log - AboutMe Test is starting. 
[INFO ] 2023-03-17 17:23:55.488 [main] Log - wait for until element [[FirefoxDriver: firefox on WINDOWS (b6a4605a-e4ac-487c-9aa6-ddb13d706494)] -> xpath: //span[contains(text(),'My Projects')]]is visible
[INFO ] 2023-03-17 17:23:55.755 [main] Log - Clicked on element [[FirefoxDriver: firefox on WINDOWS (b6a4605a-e4ac-487c-9aa6-ddb13d706494)] -> xpath: //span[contains(text(),'My Projects')]]
[INFO ] 2023-03-17 17:23:55.808 [main] Log - wait for until element [[FirefoxDriver: firefox on WINDOWS (b6a4605a-e4ac-487c-9aa6-ddb13d706494)] -> xpath: //li[@class='pro-menu-item']/div/span[@class='pro-item-content']]is visible
[INFO ] 2023-03-17 17:23:56.090 [main] Log - Clicked on element [[FirefoxDriver: firefox on WINDOWS (b6a4605a-e4ac-487c-9aa6-ddb13d706494)] -> xpath: //li[@class='pro-menu-item']/div/span[@class='pro-item-content']]
[INFO ] 2023-03-17 17:23:58.329 [main] Log - wait for until element [[FirefoxDriver: firefox on WINDOWS (b6a4605a-e4ac-487c-9aa6-ddb13d706494)] -> xpath: //span[@class='MuiIconButton-label']]is visible
[INFO ] 2023-03-17 17:23:59.646 [main] Log - Clicked on element Proxy element for: DefaultElementLocator 'By.xpath: //span[@class='MuiIconButton-label']'
[INFO ] 2023-03-17 17:23:59.708 [main] Log - wait for until element [[FirefoxDriver: firefox on WINDOWS (b6a4605a-e4ac-487c-9aa6-ddb13d706494)] -> xpath: //span[contains(text(),'About Me')]]is visible
[INFO ] 2023-03-17 17:24:00.087 [main] Log - Clicked on element [[FirefoxDriver: firefox on WINDOWS (b6a4605a-e4ac-487c-9aa6-ddb13d706494)] -> xpath: //span[contains(text(),'About Me')]]
[ERROR] 2023-03-17 17:24:03.157 [main] Log - AboutMeTest is failed
[INFO ] 2023-03-17 17:24:03.279 [main] Log - Logout Test is starting. 
[INFO ] 2023-03-17 17:24:03.322 [main] Log - wait for until element [[FirefoxDriver: firefox on WINDOWS (b6a4605a-e4ac-487c-9aa6-ddb13d706494)] -> xpath: //div[@class='ij_XRAOXFVqUYY8480uZC']]is visible
[INFO ] 2023-03-17 17:24:03.557 [main] Log - Clicked on element [[FirefoxDriver: firefox on WINDOWS (b6a4605a-e4ac-487c-9aa6-ddb13d706494)] -> xpath: //div[@class='ij_XRAOXFVqUYY8480uZC']]
[INFO ] 2023-03-17 17:24:06.604 [main] Log - wait for until element [[FirefoxDriver: firefox on WINDOWS (b6a4605a-e4ac-487c-9aa6-ddb13d706494)] -> xpath: //a[normalize-space()='Log Out']]is visible
[INFO ] 2023-03-17 17:24:09.164 [main] Log - Clicked on element Proxy element for: DefaultElementLocator 'By.xpath: //a[normalize-space()='Log Out']'
[INFO ] 2023-03-17 17:24:09.167 [main] Log - LogoutTest is passed
[INFO ] 2023-03-17 17:24:09.167 [main] Log - Logout com.blazeclan.qa.test.testng.LogoutTest e52cc243-1767-44da-a44e-1fac517cb9a4 []
[INFO ] 2023-03-17 17:24:11.412 [main] Log - I am on finish method testng
