[INFO ] 2023-03-25 08:32:12.121 [main] Log - chrome browser is selected
[INFO ] 2023-03-25 08:32:12.716 [main] Log - Opened chrome browser
[INFO ] 2023-03-25 08:32:12.878 [main] Log - Window is maximized
[INFO ] 2023-03-25 08:32:16.331 [main] Log - Opened URL is  https://pulse-stage.projectai.com/login
[INFO ] 2023-03-25 08:32:16.391 [main] Log - LoginPage Test is starting. 
[INFO ] 2023-03-25 08:32:16.558 [main] Log - Text in the element is [[ChromeDriver: chrome on WINDOWS (9da5ea769c846fa7ac342cfb14528124)] -> xpath: //input[@name='username']]is cleared
[INFO ] 2023-03-25 08:32:16.660 [main] Log - Cliked on textbox [[ChromeDriver: chrome on WINDOWS (9da5ea769c846fa7ac342cfb14528124)] -> xpath: //input[@name='username']]
[INFO ] 2023-03-25 08:32:16.865 [main] Log - Entered text on [[ChromeDriver: chrome on WINDOWS (9da5ea769c846fa7ac342cfb14528124)] -> xpath: //input[@name='username']] text
[INFO ] 2023-03-25 08:32:16.976 [main] Log - Text in the element is [[ChromeDriver: chrome on WINDOWS (9da5ea769c846fa7ac342cfb14528124)] -> xpath: //input[@name='password']]is cleared
[INFO ] 2023-03-25 08:32:17.053 [main] Log - Cliked on textbox [[ChromeDriver: chrome on WINDOWS (9da5ea769c846fa7ac342cfb14528124)] -> xpath: //input[@name='password']]
[INFO ] 2023-03-25 08:32:17.164 [main] Log - Entered text on [[ChromeDriver: chrome on WINDOWS (9da5ea769c846fa7ac342cfb14528124)] -> xpath: //input[@name='password']] text
[INFO ] 2023-03-25 08:32:17.251 [main] Log - wait for until element [[ChromeDriver: chrome on WINDOWS (9da5ea769c846fa7ac342cfb14528124)] -> xpath: //button[normalize-space()='Sign In']]is visible
[INFO ] 2023-03-25 08:32:17.341 [main] Log - Clicked on element [[ChromeDriver: chrome on WINDOWS (9da5ea769c846fa7ac342cfb14528124)] -> xpath: //button[normalize-space()='Sign In']]
[INFO ] 2023-03-25 08:32:25.367 [main] Log - LoginPageTest is passed
[INFO ] 2023-03-25 08:32:25.368 [main] Log - LoginPage com.blazeclan.qa.test.testng.LoginTest 5dcb1d08-f3c9-4171-9a02-ad25b9a30312 []
[INFO ] 2023-03-25 08:32:25.670 [main] Log - AboutMe Test is starting. 
[INFO ] 2023-03-25 08:45:07.058 [main] Log - firefox browser is selected
[INFO ] 2023-03-25 08:45:07.452 [main] Log - LoginPage Test is starting. 
[ERROR] 2023-03-25 08:45:07.455 [main] Log - LoginPageTest is failed
[INFO ] 2023-03-25 08:45:07.532 [main] Log - I am on finish method testng
[INFO ] 2023-03-25 08:46:35.092 [main] Log - Opened firefox browser
[INFO ] 2023-03-25 08:46:35.557 [main] Log - Window is maximized
[INFO ] 2023-03-25 08:46:39.813 [main] Log - Opened URL is  https://pulse-stage.projectai.com/login
[INFO ] 2023-03-25 08:46:39.872 [main] Log - LoginPage Test is starting. 
[INFO ] 2023-03-25 08:46:40.388 [main] Log - Text in the element is [[FirefoxDriver: firefox on WINDOWS (63fda837-e8c3-4e2d-b9bf-18bef7a891cd)] -> xpath: //input[@name='username']]is cleared
[INFO ] 2023-03-25 08:46:40.718 [main] Log - Cliked on textbox [[FirefoxDriver: firefox on WINDOWS (63fda837-e8c3-4e2d-b9bf-18bef7a891cd)] -> xpath: //input[@name='username']]
[INFO ] 2023-03-25 08:46:40.923 [main] Log - Entered text on [[FirefoxDriver: firefox on WINDOWS (63fda837-e8c3-4e2d-b9bf-18bef7a891cd)] -> xpath: //input[@name='username']] text
[INFO ] 2023-03-25 08:46:40.969 [main] Log - Text in the element is [[FirefoxDriver: firefox on WINDOWS (63fda837-e8c3-4e2d-b9bf-18bef7a891cd)] -> xpath: //input[@name='password']]is cleared
[INFO ] 2023-03-25 08:46:41.231 [main] Log - Cliked on textbox [[FirefoxDriver: firefox on WINDOWS (63fda837-e8c3-4e2d-b9bf-18bef7a891cd)] -> xpath: //input[@name='password']]
[INFO ] 2023-03-25 08:46:41.359 [main] Log - Entered text on [[FirefoxDriver: firefox on WINDOWS (63fda837-e8c3-4e2d-b9bf-18bef7a891cd)] -> xpath: //input[@name='password']] text
[INFO ] 2023-03-25 08:46:41.472 [main] Log - wait for until element [[FirefoxDriver: firefox on WINDOWS (63fda837-e8c3-4e2d-b9bf-18bef7a891cd)] -> xpath: //button[normalize-space()='Sign In']]is visible
[ERROR] 2023-03-25 08:46:42.545 [main] Log - LoginPageTest is failed
[ERROR] 2023-03-25 08:46:42.554 [main] Log - LoginPageTest is failed
[INFO ] 2023-03-25 08:46:42.722 [main] Log - I am on finish method testng
[INFO ] 2023-03-25 09:09:31.431 [main] Log - chrome browser is selected
[INFO ] 2023-03-25 09:09:31.631 [main] Log - Opened chrome browser
[INFO ] 2023-03-25 09:09:31.756 [main] Log - Window is maximized
[INFO ] 2023-03-25 09:09:40.778 [main] Log - Opened URL is  https://pulse-stage.projectai.com/login
[INFO ] 2023-03-25 09:09:40.812 [main] Log - LoginPage Test is starting. 
[INFO ] 2023-03-25 09:09:40.889 [main] Log - Text in the element is [[ChromeDriver: chrome on WINDOWS (343185da1dca1a272a030f59d7fdbb64)] -> xpath: //input[@name='username']]is cleared
[INFO ] 2023-03-25 09:09:40.943 [main] Log - Cliked on textbox [[ChromeDriver: chrome on WINDOWS (343185da1dca1a272a030f59d7fdbb64)] -> xpath: //input[@name='username']]
[INFO ] 2023-03-25 09:09:41.040 [main] Log - Entered text on [[ChromeDriver: chrome on WINDOWS (343185da1dca1a272a030f59d7fdbb64)] -> xpath: //input[@name='username']] text
[INFO ] 2023-03-25 09:09:41.088 [main] Log - Text in the element is [[ChromeDriver: chrome on WINDOWS (343185da1dca1a272a030f59d7fdbb64)] -> xpath: //input[@name='password']]is cleared
[INFO ] 2023-03-25 09:09:41.138 [main] Log - Cliked on textbox [[ChromeDriver: chrome on WINDOWS (343185da1dca1a272a030f59d7fdbb64)] -> xpath: //input[@name='password']]
[INFO ] 2023-03-25 09:09:41.197 [main] Log - Entered text on [[ChromeDriver: chrome on WINDOWS (343185da1dca1a272a030f59d7fdbb64)] -> xpath: //input[@name='password']] text
[INFO ] 2023-03-25 09:09:41.235 [main] Log - wait for until element [[ChromeDriver: chrome on WINDOWS (343185da1dca1a272a030f59d7fdbb64)] -> xpath: //button[normalize-space()='Sign In']]is visible
[INFO ] 2023-03-25 09:09:41.306 [main] Log - Clicked on element [[ChromeDriver: chrome on WINDOWS (343185da1dca1a272a030f59d7fdbb64)] -> xpath: //button[normalize-space()='Sign In']]
[INFO ] 2023-03-25 09:09:49.331 [main] Log - LoginPageTest is passed
[INFO ] 2023-03-25 09:09:49.333 [main] Log - LoginPage com.blazeclan.qa.test.testng.LoginTest 4ec0e837-549a-4d0c-ac3c-d6b42b87e5eb []
[INFO ] 2023-03-25 09:09:49.571 [main] Log - AboutMe Test is starting. 
[INFO ] 2023-03-25 09:22:29.402 [main] Log - chrome browser is selected
[INFO ] 2023-03-25 09:22:29.872 [main] Log - Opened chrome browser
[INFO ] 2023-03-25 09:22:30.010 [main] Log - Window is maximized
[INFO ] 2023-03-25 09:22:34.367 [main] Log - Opened URL is  https://pulse-stage.projectai.com/login
[INFO ] 2023-03-25 09:22:34.397 [main] Log - LoginPage Test is starting. 
[INFO ] 2023-03-25 09:22:34.531 [main] Log - Text in the element is [[ChromeDriver: chrome on WINDOWS (cda30c8fae2ac3949389c80ceb1bcdc5)] -> xpath: //input[@name='username']]is cleared
[INFO ] 2023-03-25 09:22:34.619 [main] Log - Cliked on textbox [[ChromeDriver: chrome on WINDOWS (cda30c8fae2ac3949389c80ceb1bcdc5)] -> xpath: //input[@name='username']]
[INFO ] 2023-03-25 09:22:34.731 [main] Log - Entered text on [[ChromeDriver: chrome on WINDOWS (cda30c8fae2ac3949389c80ceb1bcdc5)] -> xpath: //input[@name='username']] text
[INFO ] 2023-03-25 09:22:34.770 [main] Log - Text in the element is [[ChromeDriver: chrome on WINDOWS (cda30c8fae2ac3949389c80ceb1bcdc5)] -> xpath: //input[@name='password']]is cleared
[INFO ] 2023-03-25 09:22:34.820 [main] Log - Cliked on textbox [[ChromeDriver: chrome on WINDOWS (cda30c8fae2ac3949389c80ceb1bcdc5)] -> xpath: //input[@name='password']]
[INFO ] 2023-03-25 09:22:34.886 [main] Log - Entered text on [[ChromeDriver: chrome on WINDOWS (cda30c8fae2ac3949389c80ceb1bcdc5)] -> xpath: //input[@name='password']] text
[INFO ] 2023-03-25 09:22:34.934 [main] Log - wait for until element [[ChromeDriver: chrome on WINDOWS (cda30c8fae2ac3949389c80ceb1bcdc5)] -> xpath: //button[normalize-space()='Sign In']]is visible
[INFO ] 2023-03-25 09:22:34.993 [main] Log - Clicked on element [[ChromeDriver: chrome on WINDOWS (cda30c8fae2ac3949389c80ceb1bcdc5)] -> xpath: //button[normalize-space()='Sign In']]
[INFO ] 2023-03-25 09:22:43.019 [main] Log - LoginPageTest is passed
[INFO ] 2023-03-25 09:22:43.019 [main] Log - LoginPage com.blazeclan.qa.test.testng.LoginTest bf24694d-d7d8-47ef-84f7-3d6cc8c6266f []
[INFO ] 2023-03-25 09:22:43.194 [main] Log - AboutMe Test is starting. 
